{"/Users/gabriel/webapp/server/app.spec.js":{"path":"/Users/gabriel/webapp/server/app.spec.js","s":{"1":1},"b":{},"f":{},"fnMap":{},"statementMap":{"1":{"start":{"line":1,"column":0},"end":{"line":1,"column":27}}},"branchMap":{}},"/Users/gabriel/webapp/server/app.js":{"path":"/Users/gabriel/webapp/server/app.js","s":{"1":1,"2":1,"3":1,"4":1,"5":1,"6":1,"7":1,"8":1,"9":1,"10":1,"11":0,"12":0,"13":0,"14":0,"15":0,"16":0,"17":0,"18":0,"19":1,"20":0,"21":0,"22":0,"23":1,"24":1,"25":1,"26":1,"27":1},"b":{"1":[1,1],"2":[1,1],"3":[1,1],"4":[1,1],"5":[0,1]},"f":{"1":0,"2":0,"3":0,"4":1},"fnMap":{"1":{"name":"(anonymous_1)","line":73,"loc":{"start":{"line":73,"column":12},"end":{"line":73,"column":32}}},"2":{"name":"(anonymous_2)","line":83,"loc":{"start":{"line":83,"column":8},"end":{"line":83,"column":28}}},"3":{"name":"(anonymous_3)","line":90,"loc":{"start":{"line":90,"column":4},"end":{"line":90,"column":24}}},"4":{"name":"(anonymous_4)","line":104,"loc":{"start":{"line":104,"column":30},"end":{"line":104,"column":42}}}},"statementMap":{"1":{"start":{"line":1,"column":0},"end":{"line":3,"column":27}},"2":{"start":{"line":10,"column":0},"end":{"line":36,"column":34}},"3":{"start":{"line":40,"column":0},"end":{"line":41,"column":46}},"4":{"start":{"line":44,"column":0},"end":{"line":47,"column":79}},"5":{"start":{"line":51,"column":0},"end":{"line":51,"column":67}},"6":{"start":{"line":52,"column":0},"end":{"line":52,"column":24}},"7":{"start":{"line":53,"column":0},"end":{"line":55,"column":4}},"8":{"start":{"line":56,"column":0},"end":{"line":56,"column":27}},"9":{"start":{"line":57,"column":0},"end":{"line":61,"column":4}},"10":{"start":{"line":64,"column":0},"end":{"line":87,"column":1}},"11":{"start":{"line":65,"column":4},"end":{"line":65,"column":62}},"12":{"start":{"line":66,"column":4},"end":{"line":66,"column":35}},"13":{"start":{"line":67,"column":4},"end":{"line":67,"column":32}},"14":{"start":{"line":70,"column":4},"end":{"line":75,"column":11}},"15":{"start":{"line":74,"column":12},"end":{"line":74,"column":25}},"16":{"start":{"line":78,"column":4},"end":{"line":86,"column":11}},"17":{"start":{"line":84,"column":12},"end":{"line":84,"column":81}},"18":{"start":{"line":85,"column":12},"end":{"line":85,"column":46}},"19":{"start":{"line":89,"column":0},"end":{"line":101,"column":7}},"20":{"start":{"line":92,"column":8},"end":{"line":97,"column":10}},"21":{"start":{"line":99,"column":8},"end":{"line":99,"column":80}},"22":{"start":{"line":100,"column":8},"end":{"line":100,"column":42}},"23":{"start":{"line":104,"column":0},"end":{"line":109,"column":3}},"24":{"start":{"line":105,"column":4},"end":{"line":105,"column":40}},"25":{"start":{"line":106,"column":4},"end":{"line":106,"column":37}},"26":{"start":{"line":108,"column":4},"end":{"line":108,"column":73}},"27":{"start":{"line":111,"column":0},"end":{"line":111,"column":21}}},"branchMap":{"1":{"line":44,"type":"binary-expr","locations":[{"start":{"line":44,"column":11},"end":{"line":44,"column":27}},{"start":{"line":44,"column":31},"end":{"line":44,"column":35}}]},"2":{"line":45,"type":"binary-expr","locations":[{"start":{"line":45,"column":23},"end":{"line":45,"column":52}},{"start":{"line":45,"column":56},"end":{"line":45,"column":66}}]},"3":{"line":46,"type":"binary-expr","locations":[{"start":{"line":46,"column":15},"end":{"line":46,"column":34}},{"start":{"line":46,"column":38},"end":{"line":46,"column":43}}]},"4":{"line":47,"type":"binary-expr","locations":[{"start":{"line":47,"column":19},"end":{"line":47,"column":37}},{"start":{"line":47,"column":41},"end":{"line":47,"column":78}}]},"5":{"line":64,"type":"if","locations":[{"start":{"line":64,"column":0},"end":{"line":64,"column":0}},{"start":{"line":64,"column":0},"end":{"line":64,"column":0}}]}}},"/Users/gabriel/webapp/server/fondation/index.js":{"path":"/Users/gabriel/webapp/server/fondation/index.js","s":{"1":1},"b":{},"f":{},"fnMap":{},"statementMap":{"1":{"start":{"line":1,"column":0},"end":{"line":5,"column":2}}},"branchMap":{}},"/Users/gabriel/webapp/server/fondation/lib/logger.js":{"path":"/Users/gabriel/webapp/server/fondation/lib/logger.js","s":{"1":1,"2":1,"3":1},"b":{},"f":{},"fnMap":{},"statementMap":{"1":{"start":{"line":1,"column":0},"end":{"line":1,"column":27}},"2":{"start":{"line":7,"column":0},"end":{"line":7,"column":33}},"3":{"start":{"line":10,"column":0},"end":{"line":32,"column":3}}},"branchMap":{}},"/Users/gabriel/webapp/server/fondation/lib/authentification-usager.js":{"path":"/Users/gabriel/webapp/server/fondation/lib/authentification-usager.js","s":{"1":1,"2":1,"3":1,"4":1,"5":0,"6":0,"7":0,"8":0},"b":{"1":[1,1]},"f":{"1":0,"2":0},"fnMap":{"1":{"name":"(anonymous_1)","line":24,"loc":{"start":{"line":24,"column":24},"end":{"line":24,"column":34}}},"2":{"name":"(anonymous_2)","line":34,"loc":{"start":{"line":34,"column":11},"end":{"line":34,"column":36}}}},"statementMap":{"1":{"start":{"line":1,"column":0},"end":{"line":1,"column":23}},"2":{"start":{"line":5,"column":0},"end":{"line":6,"column":56}},"3":{"start":{"line":13,"column":0},"end":{"line":19,"column":53}},"4":{"start":{"line":24,"column":0},"end":{"line":46,"column":2}},"5":{"start":{"line":26,"column":4},"end":{"line":44,"column":6}},"6":{"start":{"line":36,"column":12},"end":{"line":41,"column":14}},"7":{"start":{"line":42,"column":12},"end":{"line":42,"column":43}},"8":{"start":{"line":45,"column":4},"end":{"line":45,"column":20}}},"branchMap":{"1":{"line":5,"type":"binary-expr","locations":[{"start":{"line":5,"column":15},"end":{"line":5,"column":35}},{"start":{"line":5,"column":39},"end":{"line":5,"column":59}}]}}},"/Users/gabriel/webapp/server/fondation/lib/authentification-usager.spec.js":{"path":"/Users/gabriel/webapp/server/fondation/lib/authentification-usager.spec.js","s":{},"b":{},"f":{},"fnMap":{},"statementMap":{},"branchMap":{}},"/Users/gabriel/webapp/server/fondation/lib/logger.spec.js":{"path":"/Users/gabriel/webapp/server/fondation/lib/logger.spec.js","s":{},"b":{},"f":{},"fnMap":{},"statementMap":{},"branchMap":{}}}