TN:
SF:/Users/gabriel/webapp/server/app.spec.js
FNF:0
FNH:0
DA:1,1
LF:1
LH:1
BRF:0
BRH:0
end_of_record
TN:
SF:/Users/gabriel/webapp/server/app.js
FN:73,(anonymous_1)
FN:83,(anonymous_2)
FN:90,(anonymous_3)
FN:104,(anonymous_4)
FNF:4
FNH:1
FNDA:0,(anonymous_1)
FNDA:0,(anonymous_2)
FNDA:0,(anonymous_3)
FNDA:1,(anonymous_4)
DA:1,1
DA:10,1
DA:40,1
DA:44,1
DA:51,1
DA:52,1
DA:53,1
DA:56,1
DA:57,1
DA:64,1
DA:65,0
DA:66,0
DA:67,0
DA:70,0
DA:74,0
DA:78,0
DA:84,0
DA:85,0
DA:89,1
DA:92,0
DA:99,0
DA:100,0
DA:104,1
DA:105,1
DA:106,1
DA:108,1
DA:111,1
LF:27
LH:16
BRDA:44,1,0,1
BRDA:44,1,1,1
BRDA:45,2,0,1
BRDA:45,2,1,1
BRDA:46,3,0,1
BRDA:46,3,1,1
BRDA:47,4,0,1
BRDA:47,4,1,1
BRDA:64,5,0,0
BRDA:64,5,1,1
BRF:10
BRH:9
end_of_record
TN:
SF:/Users/gabriel/webapp/server/fondation/index.js
FNF:0
FNH:0
DA:1,1
LF:1
LH:1
BRF:0
BRH:0
end_of_record
TN:
SF:/Users/gabriel/webapp/server/fondation/lib/logger.js
FNF:0
FNH:0
DA:1,1
DA:7,1
DA:10,1
LF:3
LH:3
BRF:0
BRH:0
end_of_record
TN:
SF:/Users/gabriel/webapp/server/fondation/lib/authentification-usager.js
FN:24,(anonymous_1)
FN:34,(anonymous_2)
FNF:2
FNH:0
FNDA:0,(anonymous_1)
FNDA:0,(anonymous_2)
DA:1,1
DA:5,1
DA:13,1
DA:24,1
DA:26,0
DA:36,0
DA:42,0
DA:45,0
LF:8
LH:4
BRDA:5,1,0,1
BRDA:5,1,1,1
BRF:2
BRH:2
end_of_record
TN:
SF:/Users/gabriel/webapp/server/fondation/lib/authentification-usager.spec.js
FNF:0
FNH:0
LF:0
LH:0
BRF:0
BRH:0
end_of_record
TN:
SF:/Users/gabriel/webapp/server/fondation/lib/logger.spec.js
FNF:0
FNH:0
LF:0
LH:0
BRF:0
BRH:0
end_of_record
